c:\users\정찬호\source\repos\changeentrypointtoflfunction64\deriveddll64\x64\debug\deriveddll64.pch
c:\users\정찬호\source\repos\changeentrypointtoflfunction64\deriveddll64\x64\debug\vc142.pdb
c:\users\정찬호\source\repos\changeentrypointtoflfunction64\deriveddll64\x64\debug\vc142.idb
c:\users\정찬호\source\repos\changeentrypointtoflfunction64\deriveddll64\x64\debug\pch.obj
c:\users\정찬호\source\repos\changeentrypointtoflfunction64\deriveddll64\x64\debug\driveddlllib.obj
c:\users\정찬호\source\repos\changeentrypointtoflfunction64\deriveddll64\x64\debug\dllmain.obj
c:\users\정찬호\source\repos\changeentrypointtoflfunction64\deriveddll64\x64\debug\baseusing.obj
c:\users\정찬호\source\repos\changeentrypointtoflfunction64\deriveddll64\x64\debug\baseex.obj
c:\users\정찬호\source\repos\changeentrypointtoflfunction64\x64\debug\deriveddll64.lib
c:\users\정찬호\source\repos\changeentrypointtoflfunction64\x64\debug\deriveddll64.exp
c:\users\정찬호\source\repos\changeentrypointtoflfunction64\x64\debug\deriveddll64.ilk
c:\users\정찬호\source\repos\changeentrypointtoflfunction64\x64\debug\deriveddll64.dll
c:\users\정찬호\source\repos\changeentrypointtoflfunction64\x64\debug\deriveddll64.pdb
c:\users\정찬호\source\repos\changeentrypointtoflfunction64\deriveddll64\x64\debug\deriveddll64.tlog\cl.command.1.tlog
c:\users\정찬호\source\repos\changeentrypointtoflfunction64\deriveddll64\x64\debug\deriveddll64.tlog\cl.read.1.tlog
c:\users\정찬호\source\repos\changeentrypointtoflfunction64\deriveddll64\x64\debug\deriveddll64.tlog\cl.write.1.tlog
c:\users\정찬호\source\repos\changeentrypointtoflfunction64\deriveddll64\x64\debug\deriveddll64.tlog\deriveddll64.write.1u.tlog
c:\users\정찬호\source\repos\changeentrypointtoflfunction64\deriveddll64\x64\debug\deriveddll64.tlog\link.command.1.tlog
c:\users\정찬호\source\repos\changeentrypointtoflfunction64\deriveddll64\x64\debug\deriveddll64.tlog\link.read.1.tlog
c:\users\정찬호\source\repos\changeentrypointtoflfunction64\deriveddll64\x64\debug\deriveddll64.tlog\link.write.1.tlog
