c:\users\정찬호\source\repos\changeentrypointtoflfunction64\derivedmfcdll64\x64\debug\derivedmfcdll64.pch
c:\users\정찬호\source\repos\changeentrypointtoflfunction64\derivedmfcdll64\x64\debug\vc142.pdb
c:\users\정찬호\source\repos\changeentrypointtoflfunction64\derivedmfcdll64\x64\debug\vc142.idb
c:\users\정찬호\source\repos\changeentrypointtoflfunction64\derivedmfcdll64\x64\debug\pch.obj
c:\users\정찬호\source\repos\changeentrypointtoflfunction64\derivedmfcdll64\x64\debug\derivedmfcdll64.obj
c:\users\정찬호\source\repos\changeentrypointtoflfunction64\derivedmfcdll64\x64\debug\cfldialogtest.obj
c:\users\정찬호\source\repos\changeentrypointtoflfunction64\derivedmfcdll64\x64\debug\dllmain.obj
c:\users\정찬호\source\repos\changeentrypointtoflfunction64\x64\debug\derivedmfcdll64.lib
c:\users\정찬호\source\repos\changeentrypointtoflfunction64\x64\debug\derivedmfcdll64.exp
c:\users\정찬호\source\repos\changeentrypointtoflfunction64\x64\debug\derivedmfcdll64.ilk
c:\users\정찬호\source\repos\changeentrypointtoflfunction64\x64\debug\derivedmfcdll64.dll
c:\users\정찬호\source\repos\changeentrypointtoflfunction64\x64\debug\derivedmfcdll64.pdb
c:\users\정찬호\source\repos\changeentrypointtoflfunction64\derivedmfcdll64\x64\debug\derivedmfcdll64.res
c:\users\정찬호\source\repos\changeentrypointtoflfunction64\derivedmfcdll64\x64\debug\derivedmfcdll64.tlog\cl.command.1.tlog
c:\users\정찬호\source\repos\changeentrypointtoflfunction64\derivedmfcdll64\x64\debug\derivedmfcdll64.tlog\cl.read.1.tlog
c:\users\정찬호\source\repos\changeentrypointtoflfunction64\derivedmfcdll64\x64\debug\derivedmfcdll64.tlog\cl.write.1.tlog
c:\users\정찬호\source\repos\changeentrypointtoflfunction64\derivedmfcdll64\x64\debug\derivedmfcdll64.tlog\derivedmfcdll64.write.1u.tlog
c:\users\정찬호\source\repos\changeentrypointtoflfunction64\derivedmfcdll64\x64\debug\derivedmfcdll64.tlog\link.command.1.tlog
c:\users\정찬호\source\repos\changeentrypointtoflfunction64\derivedmfcdll64\x64\debug\derivedmfcdll64.tlog\link.read.1.tlog
c:\users\정찬호\source\repos\changeentrypointtoflfunction64\derivedmfcdll64\x64\debug\derivedmfcdll64.tlog\link.write.1.tlog
c:\users\정찬호\source\repos\changeentrypointtoflfunction64\derivedmfcdll64\x64\debug\derivedmfcdll64.tlog\rc.command.1.tlog
c:\users\정찬호\source\repos\changeentrypointtoflfunction64\derivedmfcdll64\x64\debug\derivedmfcdll64.tlog\rc.read.1.tlog
c:\users\정찬호\source\repos\changeentrypointtoflfunction64\derivedmfcdll64\x64\debug\derivedmfcdll64.tlog\rc.write.1.tlog
